<?xml version="1.0" encoding="UTF-8"?>
<testng-results skipped="0" failed="1" total="6" passed="5">
  <reporter-output>
  </reporter-output>
  <suite name="Sample Test Suite" duration-ms="23769" started-at="2018-05-22T05:13:13Z" finished-at="2018-05-22T05:13:37Z">
    <groups>
    </groups>
    <test name="Sample Test" duration-ms="23769" started-at="2018-05-22T05:13:13Z" finished-at="2018-05-22T05:13:37Z">
      <class name="super_package.Actionclass">
        <test-method status="PASS" signature="open_browser()[pri:0, instance:super_package.Actionclass@42dafa95]" name="open_browser" is-config="true" duration-ms="4237" started-at="2018-05-22T10:43:13Z" finished-at="2018-05-22T10:43:17Z">
          <reporter-output>
          </reporter-output>
        </test-method> <!-- open_browser -->
        <test-method status="PASS" signature="login_app()[pri:0, instance:super_package.Actionclass@42dafa95]" name="login_app" duration-ms="4906" started-at="2018-05-22T10:43:18Z" description="Login to application" finished-at="2018-05-22T10:43:22Z">
          <reporter-output>
          </reporter-output>
        </test-method> <!-- login_app -->
        <test-method status="PASS" signature="click_on_report()[pri:0, instance:super_package.Actionclass@42dafa95]" name="click_on_report" duration-ms="6569" started-at="2018-05-22T10:43:22Z" finished-at="2018-05-22T10:43:29Z">
          <reporter-output>
          </reporter-output>
        </test-method> <!-- click_on_report -->
        <test-method status="PASS" signature="read_uievidence()[pri:0, instance:super_package.Actionclass@42dafa95]" name="read_uievidence" duration-ms="3144" started-at="2018-05-22T10:43:29Z" finished-at="2018-05-22T10:43:32Z">
          <reporter-output>
          </reporter-output>
        </test-method> <!-- read_uievidence -->
        <test-method status="PASS" signature="read_excelevidence()[pri:0, instance:super_package.Actionclass@42dafa95]" name="read_excelevidence" duration-ms="486" started-at="2018-05-22T10:43:32Z" finished-at="2018-05-22T10:43:33Z">
          <reporter-output>
          </reporter-output>
        </test-method> <!-- read_excelevidence -->
        <test-method status="PASS" signature="Write_exceltocompare()[pri:0, instance:super_package.Actionclass@42dafa95]" name="Write_exceltocompare" duration-ms="3618" started-at="2018-05-22T10:43:33Z" finished-at="2018-05-22T10:43:36Z">
          <reporter-output>
          </reporter-output>
        </test-method> <!-- Write_exceltocompare -->
        <test-method status="FAIL" signature="compareUI_Excel()[pri:0, instance:super_package.Actionclass@42dafa95]" name="compareUI_Excel" duration-ms="2" started-at="2018-05-22T10:43:36Z" finished-at="2018-05-22T10:43:36Z">
          <exception class="java.lang.IndexOutOfBoundsException">
            <message>
              <![CDATA[Index: 1, Size: 0]]>
            </message>
            <full-stacktrace>
              <![CDATA[java.lang.IndexOutOfBoundsException: Index: 1, Size: 0
	at java.util.ArrayList.rangeCheck(ArrayList.java:657)
	at java.util.ArrayList.get(ArrayList.java:433)
	at Test_cases.Compare_UIwithexcel.compareUInExcel(Compare_UIwithexcel.java:72)
	at super_package.Actionclass.compareUI_Excel(Actionclass.java:81)
	at sun.reflect.NativeMethodAccessorImpl.invoke0(Native Method)
	at sun.reflect.NativeMethodAccessorImpl.invoke(NativeMethodAccessorImpl.java:62)
	at sun.reflect.DelegatingMethodAccessorImpl.invoke(DelegatingMethodAccessorImpl.java:43)
	at java.lang.reflect.Method.invoke(Method.java:498)
	at org.testng.internal.MethodInvocationHelper.invokeMethod(MethodInvocationHelper.java:100)
	at org.testng.internal.Invoker.invokeMethod(Invoker.java:646)
	at org.testng.internal.Invoker.invokeTestMethod(Invoker.java:811)
	at org.testng.internal.Invoker.invokeTestMethods(Invoker.java:1137)
	at org.testng.internal.TestMethodWorker.invokeTestMethods(TestMethodWorker.java:129)
	at org.testng.internal.TestMethodWorker.run(TestMethodWorker.java:112)
	at org.testng.TestRunner.privateRun(TestRunner.java:753)
	at org.testng.TestRunner.run(TestRunner.java:607)
	at org.testng.SuiteRunner.runTest(SuiteRunner.java:368)
	at org.testng.SuiteRunner.runSequentially(SuiteRunner.java:363)
	at org.testng.SuiteRunner.privateRun(SuiteRunner.java:321)
	at org.testng.SuiteRunner.run(SuiteRunner.java:270)
	at org.testng.SuiteRunnerWorker.runSuite(SuiteRunnerWorker.java:52)
	at org.testng.SuiteRunnerWorker.run(SuiteRunnerWorker.java:86)
	at org.testng.TestNG.runSuitesSequentially(TestNG.java:1284)
	at org.testng.TestNG.runSuitesLocally(TestNG.java:1209)
	at org.testng.TestNG.runSuites(TestNG.java:1124)
	at org.testng.TestNG.run(TestNG.java:1096)
	at org.testng.remote.AbstractRemoteTestNG.run(AbstractRemoteTestNG.java:132)
	at org.testng.remote.RemoteTestNG.initAndRun(RemoteTestNG.java:236)
	at org.testng.remote.RemoteTestNG.main(RemoteTestNG.java:81)
]]>
            </full-stacktrace>
          </exception> <!-- java.lang.IndexOutOfBoundsException -->
          <reporter-output>
          </reporter-output>
        </test-method> <!-- compareUI_Excel -->
        <test-method status="PASS" signature="close_browser()[pri:0, instance:super_package.Actionclass@42dafa95]" name="close_browser" is-config="true" duration-ms="776" started-at="2018-05-22T10:43:36Z" finished-at="2018-05-22T10:43:37Z">
          <reporter-output>
          </reporter-output>
        </test-method> <!-- close_browser -->
      </class> <!-- super_package.Actionclass -->
    </test> <!-- Sample Test -->
  </suite> <!-- Sample Test Suite -->
</testng-results>
