<?xml version="1.0" encoding="UTF-8"?>
<!-- Generated by org.testng.reporters.JUnitXMLReporter -->
<testsuite hostname="evs01cpb424" name="Sample Test" tests="6" failures="1" timestamp="22 May 2018 05:13:37 GMT" time="23.769" errors="0">
  <testcase name="login_app" time="4.906" classname="super_package.Actionclass"/>
  <testcase name="click_on_report" time="6.569" classname="super_package.Actionclass"/>
  <testcase name="read_uievidence" time="3.144" classname="super_package.Actionclass"/>
  <testcase name="read_excelevidence" time="0.486" classname="super_package.Actionclass"/>
  <testcase name="Write_exceltocompare" time="3.618" classname="super_package.Actionclass"/>
  <testcase name="compareUI_Excel" time="0.002" classname="super_package.Actionclass">
    <failure type="java.lang.IndexOutOfBoundsException" message="Index: 1, Size: 0">
      <![CDATA[java.lang.IndexOutOfBoundsException: Index: 1, Size: 0
	at java.util.ArrayList.rangeCheck(ArrayList.java:657)
	at java.util.ArrayList.get(ArrayList.java:433)
	at Test_cases.Compare_UIwithexcel.compareUInExcel(Compare_UIwithexcel.java:72)
	at super_package.Actionclass.compareUI_Excel(Actionclass.java:81)
... Removed 25 stack frames]]>
    </failure>
  </testcase> <!-- compareUI_Excel -->
</testsuite> <!-- Sample Test -->
